C:\MYWORKSPACE\GIT\ALGORITHM\CODILITY\BINARYGAP\CYCLICROTATION\CYCLICROTATION\CYCLICROTATION\DEBUG\CYCLICROTATION.PCH
C:\MYWORKSPACE\GIT\ALGORITHM\CODILITY\BINARYGAP\CYCLICROTATION\CYCLICROTATION\CYCLICROTATION\DEBUG\STDAFX.OBJ
C:\MYWORKSPACE\GIT\ALGORITHM\CODILITY\BINARYGAP\CYCLICROTATION\CYCLICROTATION\CYCLICROTATION\DEBUG\VC110.PDB
C:\MYWORKSPACE\GIT\ALGORITHM\CODILITY\BINARYGAP\CYCLICROTATION\CYCLICROTATION\CYCLICROTATION\DEBUG\CYCLICROTATION.OBJ
C:\MYWORKSPACE\GIT\ALGORITHM\CODILITY\BINARYGAP\CYCLICROTATION\CYCLICROTATION\DEBUG\CYCLICROTATION.ILK
C:\MYWORKSPACE\GIT\ALGORITHM\CODILITY\BINARYGAP\CYCLICROTATION\CYCLICROTATION\DEBUG\CYCLICROTATION.EXE
C:\MYWORKSPACE\GIT\ALGORITHM\CODILITY\BINARYGAP\CYCLICROTATION\CYCLICROTATION\DEBUG\CYCLICROTATION.PDB
C:\MyWorkSpace\git\algorithm\Codility\cyclicRotation\CyclicRotation\CyclicRotation\Debug\CyclicRotation.obj
C:\MyWorkSpace\git\algorithm\Codility\cyclicRotation\CyclicRotation\CyclicRotation\Debug\stdafx.obj
C:\MyWorkSpace\git\algorithm\Codility\cyclicRotation\CyclicRotation\CyclicRotation\Debug\cl.command.1.tlog
C:\MyWorkSpace\git\algorithm\Codility\cyclicRotation\CyclicRotation\CyclicRotation\Debug\CL.read.1.tlog
C:\MyWorkSpace\git\algorithm\Codility\cyclicRotation\CyclicRotation\CyclicRotation\Debug\CL.write.1.tlog
C:\MyWorkSpace\git\algorithm\Codility\cyclicRotation\CyclicRotation\CyclicRotation\Debug\link-cvtres.read.1.tlog
C:\MyWorkSpace\git\algorithm\Codility\cyclicRotation\CyclicRotation\CyclicRotation\Debug\link-cvtres.write.1.tlog
C:\MyWorkSpace\git\algorithm\Codility\cyclicRotation\CyclicRotation\CyclicRotation\Debug\link-rc.read.1.tlog
C:\MyWorkSpace\git\algorithm\Codility\cyclicRotation\CyclicRotation\CyclicRotation\Debug\link-rc.write.1.tlog
C:\MyWorkSpace\git\algorithm\Codility\cyclicRotation\CyclicRotation\CyclicRotation\Debug\link.command.1.tlog
C:\MyWorkSpace\git\algorithm\Codility\cyclicRotation\CyclicRotation\CyclicRotation\Debug\link.read.1.tlog
C:\MyWorkSpace\git\algorithm\Codility\cyclicRotation\CyclicRotation\CyclicRotation\Debug\link.write.1.tlog
C:\MyWorkSpace\git\algorithm\Codility\cyclicRotation\CyclicRotation\CyclicRotation\Debug\CyclicRotation.pch
C:\MyWorkSpace\git\algorithm\Codility\cyclicRotation\CyclicRotation\CyclicRotation\Debug\vc110.idb
C:\MyWorkSpace\git\algorithm\Codility\cyclicRotation\CyclicRotation\CyclicRotation\Debug\vc110.pdb
C:\MyWorkSpace\git\algorithm\Codility\cyclicRotation\CyclicRotation\Debug\CyclicRotation.pdb
C:\MyWorkSpace\git\algorithm\Codility\cyclicRotation\CyclicRotation\Debug\CyclicRotation.exe
C:\MyWorkSpace\git\algorithm\Codility\cyclicRotation\CyclicRotation\Debug\CyclicRotation.ilk
