C:\MYWORKSPACE\GIT\ALGORITHM\CODILITY\BINARYGAP\FROGJMP\FROGJMP\FROGJMP\DEBUG\FROGJMP.PCH
C:\MYWORKSPACE\GIT\ALGORITHM\CODILITY\BINARYGAP\FROGJMP\FROGJMP\FROGJMP\DEBUG\STDAFX.OBJ
C:\MYWORKSPACE\GIT\ALGORITHM\CODILITY\BINARYGAP\FROGJMP\FROGJMP\FROGJMP\DEBUG\VC110.PDB
C:\MYWORKSPACE\GIT\ALGORITHM\CODILITY\BINARYGAP\FROGJMP\FROGJMP\FROGJMP\DEBUG\FROGJMP.OBJ
C:\MYWORKSPACE\GIT\ALGORITHM\CODILITY\BINARYGAP\FROGJMP\FROGJMP\DEBUG\FROGJMP.ILK
C:\MYWORKSPACE\GIT\ALGORITHM\CODILITY\BINARYGAP\FROGJMP\FROGJMP\DEBUG\FROGJMP.EXE
C:\MYWORKSPACE\GIT\ALGORITHM\CODILITY\BINARYGAP\FROGJMP\FROGJMP\DEBUG\FROGJMP.PDB
C:\MyWorkSpace\git\algorithm\Codility\FrogJmp\Frogjmp\Frogjmp\Debug\Frogjmp.obj
C:\MyWorkSpace\git\algorithm\Codility\FrogJmp\Frogjmp\Frogjmp\Debug\stdafx.obj
C:\MyWorkSpace\git\algorithm\Codility\FrogJmp\Frogjmp\Frogjmp\Debug\cl.command.1.tlog
C:\MyWorkSpace\git\algorithm\Codility\FrogJmp\Frogjmp\Frogjmp\Debug\CL.read.1.tlog
C:\MyWorkSpace\git\algorithm\Codility\FrogJmp\Frogjmp\Frogjmp\Debug\CL.write.1.tlog
C:\MyWorkSpace\git\algorithm\Codility\FrogJmp\Frogjmp\Frogjmp\Debug\link-cvtres.read.1.tlog
C:\MyWorkSpace\git\algorithm\Codility\FrogJmp\Frogjmp\Frogjmp\Debug\link-cvtres.write.1.tlog
C:\MyWorkSpace\git\algorithm\Codility\FrogJmp\Frogjmp\Frogjmp\Debug\link-rc.read.1.tlog
C:\MyWorkSpace\git\algorithm\Codility\FrogJmp\Frogjmp\Frogjmp\Debug\link-rc.write.1.tlog
C:\MyWorkSpace\git\algorithm\Codility\FrogJmp\Frogjmp\Frogjmp\Debug\link.command.1.tlog
C:\MyWorkSpace\git\algorithm\Codility\FrogJmp\Frogjmp\Frogjmp\Debug\link.read.1.tlog
C:\MyWorkSpace\git\algorithm\Codility\FrogJmp\Frogjmp\Frogjmp\Debug\link.write.1.tlog
C:\MyWorkSpace\git\algorithm\Codility\FrogJmp\Frogjmp\Frogjmp\Debug\Frogjmp.pch
C:\MyWorkSpace\git\algorithm\Codility\FrogJmp\Frogjmp\Frogjmp\Debug\vc110.idb
C:\MyWorkSpace\git\algorithm\Codility\FrogJmp\Frogjmp\Frogjmp\Debug\vc110.pdb
C:\MyWorkSpace\git\algorithm\Codility\FrogJmp\Frogjmp\Debug\Frogjmp.pdb
C:\MyWorkSpace\git\algorithm\Codility\FrogJmp\Frogjmp\Debug\Frogjmp.exe
C:\MyWorkSpace\git\algorithm\Codility\FrogJmp\Frogjmp\Debug\Frogjmp.ilk
