C:\MYWORKSPACE\GIT\ALGORITHM\CODILITY\PERMMISSINGELEM\PERMMISSINGELEM\PERMMISSINGELEM\DEBUG\PERMMISSINGELEM.PCH
C:\MYWORKSPACE\GIT\ALGORITHM\CODILITY\PERMMISSINGELEM\PERMMISSINGELEM\PERMMISSINGELEM\DEBUG\STDAFX.OBJ
C:\MYWORKSPACE\GIT\ALGORITHM\CODILITY\PERMMISSINGELEM\PERMMISSINGELEM\PERMMISSINGELEM\DEBUG\VC110.PDB
C:\MYWORKSPACE\GIT\ALGORITHM\CODILITY\PERMMISSINGELEM\PERMMISSINGELEM\PERMMISSINGELEM\DEBUG\PERMMISSINGELEM.OBJ
C:\MYWORKSPACE\GIT\ALGORITHM\CODILITY\PERMMISSINGELEM\PERMMISSINGELEM\DEBUG\PERMMISSINGELEM.ILK
C:\MYWORKSPACE\GIT\ALGORITHM\CODILITY\PERMMISSINGELEM\PERMMISSINGELEM\DEBUG\PERMMISSINGELEM.EXE
C:\MYWORKSPACE\GIT\ALGORITHM\CODILITY\PERMMISSINGELEM\PERMMISSINGELEM\DEBUG\PERMMISSINGELEM.PDB
C:\MyWorkSpace\git\algorithm\Codility\PermMissingElem\PermMissingElem\PermMissingElem\Debug\PermMissingElem.obj
C:\MyWorkSpace\git\algorithm\Codility\PermMissingElem\PermMissingElem\PermMissingElem\Debug\stdafx.obj
C:\MyWorkSpace\git\algorithm\Codility\PermMissingElem\PermMissingElem\PermMissingElem\Debug\cl.command.1.tlog
C:\MyWorkSpace\git\algorithm\Codility\PermMissingElem\PermMissingElem\PermMissingElem\Debug\CL.read.1.tlog
C:\MyWorkSpace\git\algorithm\Codility\PermMissingElem\PermMissingElem\PermMissingElem\Debug\CL.write.1.tlog
C:\MyWorkSpace\git\algorithm\Codility\PermMissingElem\PermMissingElem\PermMissingElem\Debug\link-cvtres.read.1.tlog
C:\MyWorkSpace\git\algorithm\Codility\PermMissingElem\PermMissingElem\PermMissingElem\Debug\link-cvtres.write.1.tlog
C:\MyWorkSpace\git\algorithm\Codility\PermMissingElem\PermMissingElem\PermMissingElem\Debug\link-rc.read.1.tlog
C:\MyWorkSpace\git\algorithm\Codility\PermMissingElem\PermMissingElem\PermMissingElem\Debug\link-rc.write.1.tlog
C:\MyWorkSpace\git\algorithm\Codility\PermMissingElem\PermMissingElem\PermMissingElem\Debug\link.command.1.tlog
C:\MyWorkSpace\git\algorithm\Codility\PermMissingElem\PermMissingElem\PermMissingElem\Debug\link.read.1.tlog
C:\MyWorkSpace\git\algorithm\Codility\PermMissingElem\PermMissingElem\PermMissingElem\Debug\link.write.1.tlog
C:\MyWorkSpace\git\algorithm\Codility\PermMissingElem\PermMissingElem\PermMissingElem\Debug\PermMissingElem.pch
C:\MyWorkSpace\git\algorithm\Codility\PermMissingElem\PermMissingElem\PermMissingElem\Debug\vc110.idb
C:\MyWorkSpace\git\algorithm\Codility\PermMissingElem\PermMissingElem\PermMissingElem\Debug\vc110.pdb
C:\MyWorkSpace\git\algorithm\Codility\PermMissingElem\PermMissingElem\Debug\PermMissingElem.pdb
C:\MyWorkSpace\git\algorithm\Codility\PermMissingElem\PermMissingElem\Debug\PermMissingElem.exe
C:\MyWorkSpace\git\algorithm\Codility\PermMissingElem\PermMissingElem\Debug\PermMissingElem.ilk
