C:\MYWORKSPACE\GIT\ALGORITHM\CODILITY\TAPEEQUILIBRIUM\TAPEEQUILIBRIUM\TAPEEQUILIBRIUM\DEBUG\TAPEEQUILIBRIUM.PCH
C:\MYWORKSPACE\GIT\ALGORITHM\CODILITY\TAPEEQUILIBRIUM\TAPEEQUILIBRIUM\TAPEEQUILIBRIUM\DEBUG\STDAFX.OBJ
C:\MYWORKSPACE\GIT\ALGORITHM\CODILITY\TAPEEQUILIBRIUM\TAPEEQUILIBRIUM\TAPEEQUILIBRIUM\DEBUG\VC110.PDB
C:\MYWORKSPACE\GIT\ALGORITHM\CODILITY\TAPEEQUILIBRIUM\TAPEEQUILIBRIUM\TAPEEQUILIBRIUM\DEBUG\TAPEEQUILIBRIUM.OBJ
C:\MYWORKSPACE\GIT\ALGORITHM\CODILITY\TAPEEQUILIBRIUM\TAPEEQUILIBRIUM\DEBUG\TAPEEQUILIBRIUM.ILK
C:\MYWORKSPACE\GIT\ALGORITHM\CODILITY\TAPEEQUILIBRIUM\TAPEEQUILIBRIUM\DEBUG\TAPEEQUILIBRIUM.EXE
C:\MYWORKSPACE\GIT\ALGORITHM\CODILITY\TAPEEQUILIBRIUM\TAPEEQUILIBRIUM\DEBUG\TAPEEQUILIBRIUM.PDB
C:\MyWorkSpace\git\algorithm\Codility\TapeEquilibrium\TapeEquilibrium\TapeEquilibrium\Debug\stdafx.obj
C:\MyWorkSpace\git\algorithm\Codility\TapeEquilibrium\TapeEquilibrium\TapeEquilibrium\Debug\TapeEquilibrium.obj
C:\MyWorkSpace\git\algorithm\Codility\TapeEquilibrium\TapeEquilibrium\TapeEquilibrium\Debug\cl.command.1.tlog
C:\MyWorkSpace\git\algorithm\Codility\TapeEquilibrium\TapeEquilibrium\TapeEquilibrium\Debug\CL.read.1.tlog
C:\MyWorkSpace\git\algorithm\Codility\TapeEquilibrium\TapeEquilibrium\TapeEquilibrium\Debug\CL.write.1.tlog
C:\MyWorkSpace\git\algorithm\Codility\TapeEquilibrium\TapeEquilibrium\TapeEquilibrium\Debug\link-cvtres.read.1.tlog
C:\MyWorkSpace\git\algorithm\Codility\TapeEquilibrium\TapeEquilibrium\TapeEquilibrium\Debug\link-cvtres.write.1.tlog
C:\MyWorkSpace\git\algorithm\Codility\TapeEquilibrium\TapeEquilibrium\TapeEquilibrium\Debug\link-rc.read.1.tlog
C:\MyWorkSpace\git\algorithm\Codility\TapeEquilibrium\TapeEquilibrium\TapeEquilibrium\Debug\link-rc.write.1.tlog
C:\MyWorkSpace\git\algorithm\Codility\TapeEquilibrium\TapeEquilibrium\TapeEquilibrium\Debug\link.command.1.tlog
C:\MyWorkSpace\git\algorithm\Codility\TapeEquilibrium\TapeEquilibrium\TapeEquilibrium\Debug\link.read.1.tlog
C:\MyWorkSpace\git\algorithm\Codility\TapeEquilibrium\TapeEquilibrium\TapeEquilibrium\Debug\link.write.1.tlog
C:\MyWorkSpace\git\algorithm\Codility\TapeEquilibrium\TapeEquilibrium\TapeEquilibrium\Debug\TapeEquilibrium.pch
C:\MyWorkSpace\git\algorithm\Codility\TapeEquilibrium\TapeEquilibrium\TapeEquilibrium\Debug\vc110.idb
C:\MyWorkSpace\git\algorithm\Codility\TapeEquilibrium\TapeEquilibrium\TapeEquilibrium\Debug\vc110.pdb
C:\MyWorkSpace\git\algorithm\Codility\TapeEquilibrium\TapeEquilibrium\Debug\TapeEquilibrium.pdb
C:\MyWorkSpace\git\algorithm\Codility\TapeEquilibrium\TapeEquilibrium\Debug\TapeEquilibrium.exe
C:\MyWorkSpace\git\algorithm\Codility\TapeEquilibrium\TapeEquilibrium\Debug\TapeEquilibrium.ilk
